2025-12-01 20:59:14.364409 
func:handle_ds->None
args:(<telebot.types.Message object at 0x0000026BC1C923C0>,) kwargs:{}

exc'NoneType' object has no attribute 'startswith'


2025-12-01 21:16:49.117583 
func:handle_ds->None
args:(<telebot.types.Message object at 0x000001B328B35310>,) kwargs:{}

exc'NoneType' object is not subscriptable


2025-12-01 21:17:35.255844 
func:handle_ds->None
args:(<telebot.types.Message object at 0x0000022A3CAAD450>,) kwargs:{}

exc'NoneType' object is not subscriptable


2025-12-01 21:17:52.911200 
func:handle_ds->None
args:(<telebot.types.Message object at 0x00000223351C5450>,) kwargs:{}

exc'NoneType' object is not subscriptable


2025-12-01 21:17:52.915415Telegram bot error: 'NoneType' object is not subscriptable2025-12-01 21:19:30.369484 
func:handle_ds->None
args:(<telebot.types.Message object at 0x0000025044BB5BD0>,) kwargs:{}

exc'NoneType' object is not subscriptable


2025-12-01 21:21:12.020195 
func:handle_ds->None
args:(<telebot.types.Message object at 0x00000162B47A9590>,) kwargs:{}

exc'NoneType' object is not subscriptable


2025-12-01 22:36:20.871993 
func:handle_ds->None
args:(<telebot.types.Message object at 0x00000264AAF8D7F0>,) kwargs:{}

excobject of type 'NoneType' has no len()


2025-12-01 23:08:52.288881 
func:handle_ds->None
args:(<telebot.types.Message object at 0x000001F003145310>,) kwargs:{}

exc'NoneType' object has no attribute 'startswith'


2025-12-01 23:15:58.465198 
func:handle_ds->None
args:(<telebot.types.Message object at 0x00000283A1ABD6D0>,) kwargs:{}

excobject of type 'NoneType' has no len()


2025-12-04 20:35:38.616658 
func:message_handler->None
args:(<telebot.types.Message object at 0x000002819B144050>,) kwargs:{}

excError code: 401 - {'message': 'The provided API key is invalid.'}


2025-12-04 21:07:01.321633 
func:message_handler->None
args:(<telebot.types.Message object at 0x000002AED0EE01A0>,) kwargs:{}

exc'NoneType' object has no attribute 'startswith'


2025-12-04 21:41:27.964615 
func:message_handler->None
args:(<telebot.types.Message object at 0x0000027A11827230>,) kwargs:{}

excWhen initializing mapper Mapper[TelegramUser(telegram_users)], expression 'Tag' failed to locate a name ('Tag'). If this is a class name, consider adding this relationship() to the <class 'telegram_bot.tg_db.models.tg_user.TelegramUser'> class after both dependent classes have been defined.


2025-12-04 21:42:50.155669 
func:message_handler->None
args:(<telebot.types.Message object at 0x000001DD75236CF0>,) kwargs:{}

excWhen initializing mapper Mapper[UserTagAssociation(user_tag_association)], expression 'Tag' failed to locate a name ('Tag'). If this is a class name, consider adding this relationship() to the <class 'telegram_bot.tg_db.models.tg_at_user_tag.UserTagAssociation'> class after both dependent classes have been defined.


2025-12-04 21:43:11.890390 
func:message_handler->None
args:(<telebot.types.Message object at 0x000001DD752E7390>,) kwargs:{}

excOne or more mappers failed to initialize - can't proceed with initialization of other mappers. Triggering mapper: 'Mapper[TelegramTeg(telegram_tags)]'. Original exception was: When initializing mapper Mapper[UserTagAssociation(user_tag_association)], expression 'Tag' failed to locate a name ('Tag'). If this is a class name, consider adding this relationship() to the <class 'telegram_bot.tg_db.models.tg_at_user_tag.UserTagAssociation'> class after both dependent classes have been defined.


2025-12-04 21:43:17.240961 
func:message_handler->None
args:(<telebot.types.Message object at 0x000001DD752E7C50>,) kwargs:{}

excOne or more mappers failed to initialize - can't proceed with initialization of other mappers. Triggering mapper: 'Mapper[TelegramTeg(telegram_tags)]'. Original exception was: When initializing mapper Mapper[UserTagAssociation(user_tag_association)], expression 'Tag' failed to locate a name ('Tag'). If this is a class name, consider adding this relationship() to the <class 'telegram_bot.tg_db.models.tg_at_user_tag.UserTagAssociation'> class after both dependent classes have been defined.


2025-12-04 21:45:28.100580 
func:message_handler->None
args:(<telebot.types.Message object at 0x000002872C087A10>,) kwargs:{}

excWhen initializing mapper Mapper[UserTagAssociation(user_tag_association)], expression 'TelegramTag' failed to locate a name ('TelegramTag'). If this is a class name, consider adding this relationship() to the <class 'telegram_bot.tg_db.models.tg_at_user_tag.UserTagAssociation'> class after both dependent classes have been defined.


2025-12-04 21:46:40.081622 
func:message_handler->None
args:(<telebot.types.Message object at 0x00000171A92F6BA0>,) kwargs:{}

excWhen initializing mapper Mapper[UserTagAssociation(user_tag_association)], expression 'TelegramTag' failed to locate a name ('TelegramTag'). If this is a class name, consider adding this relationship() to the <class 'telegram_bot.tg_db.models.tg_at_user_tag.UserTagAssociation'> class after both dependent classes have been defined.


2025-12-04 21:47:42.849711 
func:message_handler->None
args:(<telebot.types.Message object at 0x0000027D108670E0>,) kwargs:{}

excWhen initializing mapper Mapper[TelegramUser(telegram_users)], expression 'TelegramTeg' failed to locate a name ('TelegramTeg'). If this is a class name, consider adding this relationship() to the <class 'telegram_bot.tg_db.models.tg_user.TelegramUser'> class after both dependent classes have been defined.


2025-12-04 21:48:08.735698 
func:message_handler->None
args:(<telebot.types.Message object at 0x000002335565ABA0>,) kwargs:{}

excMapper 'Mapper[TelegramUser(telegram_users)]' has no property 'at_user_tag'.  If this property was indicated from other mappers or configure events, ensure registry.configure() has been called.


2025-12-04 21:49:02.619785 
func:message_handler->None
args:(<telebot.types.Message object at 0x000001662F5078C0>,) kwargs:{}

excMapper 'Mapper[TelegramUser(telegram_users)]' has no property 'at_user_tag'.  If this property was indicated from other mappers or configure events, ensure registry.configure() has been called.


2025-12-04 21:49:17.712672 
func:message_handler->None
args:(<telebot.types.Message object at 0x000001662F5AF390>,) kwargs:{}

excOne or more mappers failed to initialize - can't proceed with initialization of other mappers. Triggering mapper: 'Mapper[UserTagAssociation(user_tag_association)]'. Original exception was: Mapper 'Mapper[TelegramUser(telegram_users)]' has no property 'at_user_tag'.  If this property was indicated from other mappers or configure events, ensure registry.configure() has been called.


2025-12-04 21:49:25.035022 
func:message_handler->None
args:(<telebot.types.Message object at 0x0000025B8EDE7770>,) kwargs:{}

excMapper 'Mapper[TelegramUser(telegram_users)]' has no property 'at_user_tag'.  If this property was indicated from other mappers or configure events, ensure registry.configure() has been called.


2025-12-04 21:49:25.079821Telegram bot error: Mapper 'Mapper[TelegramUser(telegram_users)]' has no property 'at_user_tag'.  If this property was indicated from other mappers or configure events, ensure registry.configure() has been called.2025-12-04 21:49:44.336482 
func:message_handler->None
args:(<telebot.types.Message object at 0x000002AE59C278C0>,) kwargs:{}

excMapper 'Mapper[TelegramUser(telegram_users)]' has no property 'at_user_tag'.  If this property was indicated from other mappers or configure events, ensure registry.configure() has been called.


2025-12-04 21:49:44.350094Telegram bot error: Mapper 'Mapper[TelegramUser(telegram_users)]' has no property 'at_user_tag'.  If this property was indicated from other mappers or configure events, ensure registry.configure() has been called.2025-12-04 21:54:15.933535 
func:message_handler->None
args:(<telebot.types.Message object at 0x000001C3787A7E00>,) kwargs:{}

excMapper 'Mapper[TelegramUser(telegram_users)]' has no property 'at_user_tag'.  If this property was indicated from other mappers or configure events, ensure registry.configure() has been called.


2025-12-04 21:54:15.942535Telegram bot error: Mapper 'Mapper[TelegramUser(telegram_users)]' has no property 'at_user_tag'.  If this property was indicated from other mappers or configure events, ensure registry.configure() has been called.2025-12-04 21:54:28.654840 
func:message_handler->None
args:(<telebot.types.Message object at 0x000001C378B7C690>,) kwargs:{}

excOne or more mappers failed to initialize - can't proceed with initialization of other mappers. Triggering mapper: 'Mapper[UserTagAssociation(user_tag_association)]'. Original exception was: Mapper 'Mapper[TelegramUser(telegram_users)]' has no property 'at_user_tag'.  If this property was indicated from other mappers or configure events, ensure registry.configure() has been called.


2025-12-04 21:54:28.656710Telegram bot error: One or more mappers failed to initialize - can't proceed with initialization of other mappers. Triggering mapper: 'Mapper[UserTagAssociation(user_tag_association)]'. Original exception was: Mapper 'Mapper[TelegramUser(telegram_users)]' has no property 'at_user_tag'.  If this property was indicated from other mappers or configure events, ensure registry.configure() has been called.2025-12-04 21:55:21.219126 
func:message_handler->None
args:(<telebot.types.Message object at 0x000001C378B7D1D0>,) kwargs:{}

excOne or more mappers failed to initialize - can't proceed with initialization of other mappers. Triggering mapper: 'Mapper[UserTagAssociation(user_tag_association)]'. Original exception was: Mapper 'Mapper[TelegramUser(telegram_users)]' has no property 'at_user_tag'.  If this property was indicated from other mappers or configure events, ensure registry.configure() has been called.


2025-12-04 21:55:21.221190Telegram bot error: One or more mappers failed to initialize - can't proceed with initialization of other mappers. Triggering mapper: 'Mapper[UserTagAssociation(user_tag_association)]'. Original exception was: Mapper 'Mapper[TelegramUser(telegram_users)]' has no property 'at_user_tag'.  If this property was indicated from other mappers or configure events, ensure registry.configure() has been called.2025-12-04 21:55:25.631660 
func:message_handler->None
args:(<telebot.types.Message object at 0x000001C378B7DBD0>,) kwargs:{}

excOne or more mappers failed to initialize - can't proceed with initialization of other mappers. Triggering mapper: 'Mapper[UserTagAssociation(user_tag_association)]'. Original exception was: Mapper 'Mapper[TelegramUser(telegram_users)]' has no property 'at_user_tag'.  If this property was indicated from other mappers or configure events, ensure registry.configure() has been called.


2025-12-04 21:55:25.633381Telegram bot error: One or more mappers failed to initialize - can't proceed with initialization of other mappers. Triggering mapper: 'Mapper[UserTagAssociation(user_tag_association)]'. Original exception was: Mapper 'Mapper[TelegramUser(telegram_users)]' has no property 'at_user_tag'.  If this property was indicated from other mappers or configure events, ensure registry.configure() has been called.2025-12-04 21:55:33.003944 
func:message_handler->None
args:(<telebot.types.Message object at 0x000001C378B7E350>,) kwargs:{}

excOne or more mappers failed to initialize - can't proceed with initialization of other mappers. Triggering mapper: 'Mapper[UserTagAssociation(user_tag_association)]'. Original exception was: Mapper 'Mapper[TelegramUser(telegram_users)]' has no property 'at_user_tag'.  If this property was indicated from other mappers or configure events, ensure registry.configure() has been called.


2025-12-04 21:55:33.005797Telegram bot error: One or more mappers failed to initialize - can't proceed with initialization of other mappers. Triggering mapper: 'Mapper[UserTagAssociation(user_tag_association)]'. Original exception was: Mapper 'Mapper[TelegramUser(telegram_users)]' has no property 'at_user_tag'.  If this property was indicated from other mappers or configure events, ensure registry.configure() has been called.2025-12-04 21:55:33.233874 
func:message_handler->None
args:(<telebot.types.Message object at 0x000001C378B7E990>,) kwargs:{}

excOne or more mappers failed to initialize - can't proceed with initialization of other mappers. Triggering mapper: 'Mapper[UserTagAssociation(user_tag_association)]'. Original exception was: Mapper 'Mapper[TelegramUser(telegram_users)]' has no property 'at_user_tag'.  If this property was indicated from other mappers or configure events, ensure registry.configure() has been called.


2025-12-04 21:55:33.236545Telegram bot error: One or more mappers failed to initialize - can't proceed with initialization of other mappers. Triggering mapper: 'Mapper[UserTagAssociation(user_tag_association)]'. Original exception was: Mapper 'Mapper[TelegramUser(telegram_users)]' has no property 'at_user_tag'.  If this property was indicated from other mappers or configure events, ensure registry.configure() has been called.2025-12-04 21:55:33.498777 
func:message_handler->None
args:(<telebot.types.Message object at 0x000001C378B7EFD0>,) kwargs:{}

excOne or more mappers failed to initialize - can't proceed with initialization of other mappers. Triggering mapper: 'Mapper[UserTagAssociation(user_tag_association)]'. Original exception was: Mapper 'Mapper[TelegramUser(telegram_users)]' has no property 'at_user_tag'.  If this property was indicated from other mappers or configure events, ensure registry.configure() has been called.


2025-12-04 21:55:33.500819Telegram bot error: One or more mappers failed to initialize - can't proceed with initialization of other mappers. Triggering mapper: 'Mapper[UserTagAssociation(user_tag_association)]'. Original exception was: Mapper 'Mapper[TelegramUser(telegram_users)]' has no property 'at_user_tag'.  If this property was indicated from other mappers or configure events, ensure registry.configure() has been called.2025-12-04 21:55:38.863297 
func:message_handler->None
args:(<telebot.types.Message object at 0x000001C378B7F4D0>,) kwargs:{}

excOne or more mappers failed to initialize - can't proceed with initialization of other mappers. Triggering mapper: 'Mapper[UserTagAssociation(user_tag_association)]'. Original exception was: Mapper 'Mapper[TelegramUser(telegram_users)]' has no property 'at_user_tag'.  If this property was indicated from other mappers or configure events, ensure registry.configure() has been called.


2025-12-04 21:55:38.865128Telegram bot error: One or more mappers failed to initialize - can't proceed with initialization of other mappers. Triggering mapper: 'Mapper[UserTagAssociation(user_tag_association)]'. Original exception was: Mapper 'Mapper[TelegramUser(telegram_users)]' has no property 'at_user_tag'.  If this property was indicated from other mappers or configure events, ensure registry.configure() has been called.2025-12-04 21:55:49.499515 
func:message_handler->None
args:(<telebot.types.Message object at 0x000001C378B7FD90>,) kwargs:{}

excOne or more mappers failed to initialize - can't proceed with initialization of other mappers. Triggering mapper: 'Mapper[UserTagAssociation(user_tag_association)]'. Original exception was: Mapper 'Mapper[TelegramUser(telegram_users)]' has no property 'at_user_tag'.  If this property was indicated from other mappers or configure events, ensure registry.configure() has been called.


2025-12-04 21:55:49.501576Telegram bot error: One or more mappers failed to initialize - can't proceed with initialization of other mappers. Triggering mapper: 'Mapper[UserTagAssociation(user_tag_association)]'. Original exception was: Mapper 'Mapper[TelegramUser(telegram_users)]' has no property 'at_user_tag'.  If this property was indicated from other mappers or configure events, ensure registry.configure() has been called.2025-12-04 21:55:58.796598 
func:message_handler->None
args:(<telebot.types.Message object at 0x000001C378C04410>,) kwargs:{}

excOne or more mappers failed to initialize - can't proceed with initialization of other mappers. Triggering mapper: 'Mapper[UserTagAssociation(user_tag_association)]'. Original exception was: Mapper 'Mapper[TelegramUser(telegram_users)]' has no property 'at_user_tag'.  If this property was indicated from other mappers or configure events, ensure registry.configure() has been called.


2025-12-04 21:55:58.798807Telegram bot error: One or more mappers failed to initialize - can't proceed with initialization of other mappers. Triggering mapper: 'Mapper[UserTagAssociation(user_tag_association)]'. Original exception was: Mapper 'Mapper[TelegramUser(telegram_users)]' has no property 'at_user_tag'.  If this property was indicated from other mappers or configure events, ensure registry.configure() has been called.2025-12-04 21:56:26.464509 
func:message_handler->None
args:(<telebot.types.Message object at 0x00000259F257E490>,) kwargs:{}

exc(pymysql.err.IntegrityError) (1048, "Column 'tg_id' cannot be null")
[SQL: INSERT INTO telegram_users (id, tg_id, username) VALUES (%(id)s, %(tg_id)s, %(username)s)]
[parameters: {'id': 670305019, 'tg_id': None, 'username': None}]
(Background on this error at: https://sqlalche.me/e/20/gkpj)


2025-12-04 21:56:26.477993Telegram bot error: (pymysql.err.IntegrityError) (1048, "Column 'tg_id' cannot be null")
[SQL: INSERT INTO telegram_users (id, tg_id, username) VALUES (%(id)s, %(tg_id)s, %(username)s)]
[parameters: {'id': 670305019, 'tg_id': None, 'username': None}]
(Background on this error at: https://sqlalche.me/e/20/gkpj)2025-12-04 21:56:51.961089 
func:message_handler->None
args:(<telebot.types.Message object at 0x00000259F257D810>,) kwargs:{}

exc(pymysql.err.IntegrityError) (1048, "Column 'tg_id' cannot be null")
[SQL: INSERT INTO telegram_users (id, tg_id, username) VALUES (%(id)s, %(tg_id)s, %(username)s)]
[parameters: {'id': 874183602, 'tg_id': None, 'username': None}]
(Background on this error at: https://sqlalche.me/e/20/gkpj)


2025-12-04 21:56:51.966943Telegram bot error: (pymysql.err.IntegrityError) (1048, "Column 'tg_id' cannot be null")
[SQL: INSERT INTO telegram_users (id, tg_id, username) VALUES (%(id)s, %(tg_id)s, %(username)s)]
[parameters: {'id': 874183602, 'tg_id': None, 'username': None}]
(Background on this error at: https://sqlalche.me/e/20/gkpj)2025-12-04 21:56:54.548009 
func:message_handler->None
args:(<telebot.types.Message object at 0x00000259F262E210>,) kwargs:{}

exc(pymysql.err.IntegrityError) (1048, "Column 'tg_id' cannot be null")
[SQL: INSERT INTO telegram_users (id, tg_id, username) VALUES (%(id)s, %(tg_id)s, %(username)s)]
[parameters: {'id': 1941380895, 'tg_id': None, 'username': None}]
(Background on this error at: https://sqlalche.me/e/20/gkpj)


2025-12-04 21:56:54.552291Telegram bot error: (pymysql.err.IntegrityError) (1048, "Column 'tg_id' cannot be null")
[SQL: INSERT INTO telegram_users (id, tg_id, username) VALUES (%(id)s, %(tg_id)s, %(username)s)]
[parameters: {'id': 1941380895, 'tg_id': None, 'username': None}]
(Background on this error at: https://sqlalche.me/e/20/gkpj)2025-12-04 21:56:59.794381 
func:message_handler->None
args:(<telebot.types.Message object at 0x00000259F262F250>,) kwargs:{}

exc(pymysql.err.IntegrityError) (1048, "Column 'tg_id' cannot be null")
[SQL: INSERT INTO telegram_users (id, tg_id, username) VALUES (%(id)s, %(tg_id)s, %(username)s)]
[parameters: {'id': 670305019, 'tg_id': None, 'username': None}]
(Background on this error at: https://sqlalche.me/e/20/gkpj)


2025-12-04 21:56:59.798226Telegram bot error: (pymysql.err.IntegrityError) (1048, "Column 'tg_id' cannot be null")
[SQL: INSERT INTO telegram_users (id, tg_id, username) VALUES (%(id)s, %(tg_id)s, %(username)s)]
[parameters: {'id': 670305019, 'tg_id': None, 'username': None}]
(Background on this error at: https://sqlalche.me/e/20/gkpj)2025-12-04 21:57:02.494686 
func:message_handler->None
args:(<telebot.types.Message object at 0x00000259F262FB10>,) kwargs:{}

exc(pymysql.err.IntegrityError) (1048, "Column 'tg_id' cannot be null")
[SQL: INSERT INTO telegram_users (id, tg_id, username) VALUES (%(id)s, %(tg_id)s, %(username)s)]
[parameters: {'id': 874183602, 'tg_id': None, 'username': None}]
(Background on this error at: https://sqlalche.me/e/20/gkpj)


2025-12-04 21:57:02.500152Telegram bot error: (pymysql.err.IntegrityError) (1048, "Column 'tg_id' cannot be null")
[SQL: INSERT INTO telegram_users (id, tg_id, username) VALUES (%(id)s, %(tg_id)s, %(username)s)]
[parameters: {'id': 874183602, 'tg_id': None, 'username': None}]
(Background on this error at: https://sqlalche.me/e/20/gkpj)2025-12-04 21:57:05.943355 
func:message_handler->None
args:(<telebot.types.Message object at 0x00000259F257DA90>,) kwargs:{}

exc(pymysql.err.IntegrityError) (1048, "Column 'tg_id' cannot be null")
[SQL: INSERT INTO telegram_users (id, tg_id, username) VALUES (%(id)s, %(tg_id)s, %(username)s)]
[parameters: {'id': 1941380895, 'tg_id': None, 'username': None}]
(Background on this error at: https://sqlalche.me/e/20/gkpj)


2025-12-04 21:57:05.952686Telegram bot error: (pymysql.err.IntegrityError) (1048, "Column 'tg_id' cannot be null")
[SQL: INSERT INTO telegram_users (id, tg_id, username) VALUES (%(id)s, %(tg_id)s, %(username)s)]
[parameters: {'id': 1941380895, 'tg_id': None, 'username': None}]
(Background on this error at: https://sqlalche.me/e/20/gkpj)2025-12-04 21:57:20.545420 
func:message_handler->None
args:(<telebot.types.Message object at 0x00000259F262E990>,) kwargs:{}

exc(pymysql.err.IntegrityError) (1048, "Column 'tg_id' cannot be null")
[SQL: INSERT INTO telegram_users (id, tg_id, username) VALUES (%(id)s, %(tg_id)s, %(username)s)]
[parameters: {'id': 874183602, 'tg_id': None, 'username': None}]
(Background on this error at: https://sqlalche.me/e/20/gkpj)


2025-12-04 21:57:20.553870Telegram bot error: (pymysql.err.IntegrityError) (1048, "Column 'tg_id' cannot be null")
[SQL: INSERT INTO telegram_users (id, tg_id, username) VALUES (%(id)s, %(tg_id)s, %(username)s)]
[parameters: {'id': 874183602, 'tg_id': None, 'username': None}]
(Background on this error at: https://sqlalche.me/e/20/gkpj)2025-12-04 21:57:30.578406 
func:message_handler->None
args:(<telebot.types.Message object at 0x00000259F262D6D0>,) kwargs:{}

exc(pymysql.err.IntegrityError) (1048, "Column 'tg_id' cannot be null")
[SQL: INSERT INTO telegram_users (id, tg_id, username) VALUES (%(id)s, %(tg_id)s, %(username)s)]
[parameters: {'id': 670305019, 'tg_id': None, 'username': None}]
(Background on this error at: https://sqlalche.me/e/20/gkpj)


2025-12-04 21:57:30.585234Telegram bot error: (pymysql.err.IntegrityError) (1048, "Column 'tg_id' cannot be null")
[SQL: INSERT INTO telegram_users (id, tg_id, username) VALUES (%(id)s, %(tg_id)s, %(username)s)]
[parameters: {'id': 670305019, 'tg_id': None, 'username': None}]
(Background on this error at: https://sqlalche.me/e/20/gkpj)2025-12-04 21:57:36.036855 
func:message_handler->None
args:(<telebot.types.Message object at 0x00000259F262CB90>,) kwargs:{}

exc(pymysql.err.IntegrityError) (1048, "Column 'tg_id' cannot be null")
[SQL: INSERT INTO telegram_users (id, tg_id, username) VALUES (%(id)s, %(tg_id)s, %(username)s)]
[parameters: {'id': 670305019, 'tg_id': None, 'username': None}]
(Background on this error at: https://sqlalche.me/e/20/gkpj)


2025-12-04 21:57:36.040209Telegram bot error: (pymysql.err.IntegrityError) (1048, "Column 'tg_id' cannot be null")
[SQL: INSERT INTO telegram_users (id, tg_id, username) VALUES (%(id)s, %(tg_id)s, %(username)s)]
[parameters: {'id': 670305019, 'tg_id': None, 'username': None}]
(Background on this error at: https://sqlalche.me/e/20/gkpj)2025-12-04 21:57:40.346720 
func:message_handler->None
args:(<telebot.types.Message object at 0x00000259F29647D0>,) kwargs:{}

exc(pymysql.err.IntegrityError) (1048, "Column 'tg_id' cannot be null")
[SQL: INSERT INTO telegram_users (id, tg_id, username) VALUES (%(id)s, %(tg_id)s, %(username)s)]
[parameters: {'id': 670305019, 'tg_id': None, 'username': None}]
(Background on this error at: https://sqlalche.me/e/20/gkpj)


2025-12-04 21:57:40.350994Telegram bot error: (pymysql.err.IntegrityError) (1048, "Column 'tg_id' cannot be null")
[SQL: INSERT INTO telegram_users (id, tg_id, username) VALUES (%(id)s, %(tg_id)s, %(username)s)]
[parameters: {'id': 670305019, 'tg_id': None, 'username': None}]
(Background on this error at: https://sqlalche.me/e/20/gkpj)2025-12-04 21:57:46.953169 
func:message_handler->None
args:(<telebot.types.Message object at 0x00000259F262E490>,) kwargs:{}

exc(pymysql.err.IntegrityError) (1048, "Column 'tg_id' cannot be null")
[SQL: INSERT INTO telegram_users (id, tg_id, username) VALUES (%(id)s, %(tg_id)s, %(username)s)]
[parameters: {'id': 670305019, 'tg_id': None, 'username': None}]
(Background on this error at: https://sqlalche.me/e/20/gkpj)


2025-12-04 21:57:46.959524Telegram bot error: (pymysql.err.IntegrityError) (1048, "Column 'tg_id' cannot be null")
[SQL: INSERT INTO telegram_users (id, tg_id, username) VALUES (%(id)s, %(tg_id)s, %(username)s)]
[parameters: {'id': 670305019, 'tg_id': None, 'username': None}]
(Background on this error at: https://sqlalche.me/e/20/gkpj)2025-12-04 21:58:16.830151 
func:message_handler->None
args:(<telebot.types.Message object at 0x00000259F2964B90>,) kwargs:{}

exc(pymysql.err.IntegrityError) (1048, "Column 'tg_id' cannot be null")
[SQL: INSERT INTO telegram_users (id, tg_id, username) VALUES (%(id)s, %(tg_id)s, %(username)s)]
[parameters: {'id': 1941380895, 'tg_id': None, 'username': None}]
(Background on this error at: https://sqlalche.me/e/20/gkpj)


2025-12-04 21:58:16.833512Telegram bot error: (pymysql.err.IntegrityError) (1048, "Column 'tg_id' cannot be null")
[SQL: INSERT INTO telegram_users (id, tg_id, username) VALUES (%(id)s, %(tg_id)s, %(username)s)]
[parameters: {'id': 1941380895, 'tg_id': None, 'username': None}]
(Background on this error at: https://sqlalche.me/e/20/gkpj)2025-12-04 21:58:33.750212 
func:message_handler->None
args:(<telebot.types.Message object at 0x00000259F2965450>,) kwargs:{}

exc(pymysql.err.IntegrityError) (1048, "Column 'tg_id' cannot be null")
[SQL: INSERT INTO telegram_users (id, tg_id, username) VALUES (%(id)s, %(tg_id)s, %(username)s)]
[parameters: {'id': 670305019, 'tg_id': None, 'username': None}]
(Background on this error at: https://sqlalche.me/e/20/gkpj)


2025-12-04 21:58:33.754200Telegram bot error: (pymysql.err.IntegrityError) (1048, "Column 'tg_id' cannot be null")
[SQL: INSERT INTO telegram_users (id, tg_id, username) VALUES (%(id)s, %(tg_id)s, %(username)s)]
[parameters: {'id': 670305019, 'tg_id': None, 'username': None}]
(Background on this error at: https://sqlalche.me/e/20/gkpj)2025-12-04 21:58:44.197905 
func:message_handler->None
args:(<telebot.types.Message object at 0x00000259F2965E50>,) kwargs:{}

exc(pymysql.err.IntegrityError) (1048, "Column 'tg_id' cannot be null")
[SQL: INSERT INTO telegram_users (id, tg_id, username) VALUES (%(id)s, %(tg_id)s, %(username)s)]
[parameters: {'id': 670305019, 'tg_id': None, 'username': None}]
(Background on this error at: https://sqlalche.me/e/20/gkpj)


2025-12-04 21:58:44.253917Telegram bot error: (pymysql.err.IntegrityError) (1048, "Column 'tg_id' cannot be null")
[SQL: INSERT INTO telegram_users (id, tg_id, username) VALUES (%(id)s, %(tg_id)s, %(username)s)]
[parameters: {'id': 670305019, 'tg_id': None, 'username': None}]
(Background on this error at: https://sqlalche.me/e/20/gkpj)2025-12-04 21:59:08.716099 
func:message_handler->None
args:(<telebot.types.Message object at 0x00000259F29665D0>,) kwargs:{}

exc(pymysql.err.IntegrityError) (1048, "Column 'tg_id' cannot be null")
[SQL: INSERT INTO telegram_users (id, tg_id, username) VALUES (%(id)s, %(tg_id)s, %(username)s)]
[parameters: {'id': 670305019, 'tg_id': None, 'username': None}]
(Background on this error at: https://sqlalche.me/e/20/gkpj)


2025-12-04 21:59:08.720930Telegram bot error: (pymysql.err.IntegrityError) (1048, "Column 'tg_id' cannot be null")
[SQL: INSERT INTO telegram_users (id, tg_id, username) VALUES (%(id)s, %(tg_id)s, %(username)s)]
[parameters: {'id': 670305019, 'tg_id': None, 'username': None}]
(Background on this error at: https://sqlalche.me/e/20/gkpj)2025-12-04 22:07:36.674171 
func:message_handler->None
args:(<telebot.types.Message object at 0x00000158D67A7A10>,) kwargs:{}

exc(pymysql.err.IntegrityError) (1062, "Duplicate entry '874183602' for key 'telegram_users.ix_telegram_users_tg_id'")
[SQL: INSERT INTO telegram_users (tg_id) VALUES (%(tg_id)s)]
[parameters: {'tg_id': 874183602}]
(Background on this error at: https://sqlalche.me/e/20/gkpj)


2025-12-04 22:07:36.687262Telegram bot error: (pymysql.err.IntegrityError) (1062, "Duplicate entry '874183602' for key 'telegram_users.ix_telegram_users_tg_id'")
[SQL: INSERT INTO telegram_users (tg_id) VALUES (%(tg_id)s)]
[parameters: {'tg_id': 874183602}]
(Background on this error at: https://sqlalche.me/e/20/gkpj)2025-12-04 22:08:18.151124 
func:message_handler->None
args:(<telebot.types.Message object at 0x00000261D25278C0>,) kwargs:{}

exc(pymysql.err.IntegrityError) (1062, "Duplicate entry '874183602' for key 'telegram_users.ix_telegram_users_tg_id'")
[SQL: INSERT INTO telegram_users (tg_id) VALUES (%(tg_id)s)]
[parameters: {'tg_id': 874183602}]
(Background on this error at: https://sqlalche.me/e/20/gkpj)


2025-12-04 22:08:18.162830Telegram bot error: (pymysql.err.IntegrityError) (1062, "Duplicate entry '874183602' for key 'telegram_users.ix_telegram_users_tg_id'")
[SQL: INSERT INTO telegram_users (tg_id) VALUES (%(tg_id)s)]
[parameters: {'tg_id': 874183602}]
(Background on this error at: https://sqlalche.me/e/20/gkpj)2025-12-04 22:38:30.493467 
func:trigger_tags->None
args:(<telebot.types.Message object at 0x0000020A79F8DBD0>,) kwargs:{}

exc'TelegramTag' object has no attribute 'atat_user_tag'


2025-12-04 22:39:17.683812 
func:trigger_tags->None
args:(<telebot.types.Message object at 0x000001A3BF83D310>,) kwargs:{}

excTeleBot.delete_message() missing 1 required positional argument: 'message_id'


2025-12-04 22:39:56.217637 
func:trigger_tags->None
args:(<telebot.types.Message object at 0x000002099A097390>,) kwargs:{}

excA request to the Telegram API was unsuccessful. Error code: 400. Description: Bad Request: can't parse entities: Can't find end of the entity starting at byte offset 21


2025-12-04 22:41:07.360578 
func:trigger_tags->None
args:(<telebot.types.Message object at 0x0000010AEB107770>,) kwargs:{}

excA request to the Telegram API was unsuccessful. Error code: 400. Description: Bad Request: can't parse entities: Can't find end of the entity starting at byte offset 21


2025-12-04 22:42:10.241222 
func:trigger_tags->None
args:(<telebot.types.Message object at 0x00000254A6BE6900>,) kwargs:{}

excA request to the Telegram API was unsuccessful. Error code: 400. Description: Bad Request: can't parse entities: Can't find end of the entity starting at byte offset 21


2025-12-04 22:43:09.782578 
func:trigger_tags->None
args:(<telebot.types.Message object at 0x0000024417DD6900>,) kwargs:{}

excA request to the Telegram API was unsuccessful. Error code: 400. Description: Bad Request: can't parse entities: Can't find end of the entity starting at byte offset 21


2025-12-04 22:46:08.655533 
func:trigger_tags->None
args:(<telebot.types.Message object at 0x000002B761456210>,) kwargs:{}

excA request to the Telegram API was unsuccessful. Error code: 400. Description: Bad Request: can't parse entities: Can't find end of the entity starting at byte offset 33


2025-12-04 22:48:57.819154 
func:trigger_tags->None
args:(<telebot.types.Message object at 0x0000015234A16F90>,) kwargs:{}

excTeleBot.delete_message() missing 1 required positional argument: 'message_id'


2025-12-04 22:49:35.633221 
func:trigger_tags->None
args:(<telebot.types.Message object at 0x0000017C5BAE6F90>,) kwargs:{}

excTeleBot.delete_message() missing 1 required positional argument: 'message_id'


2025-12-04 22:50:37.647812 
func:trigger_tags->None
args:(<telebot.types.Message object at 0x0000017C5BC1B110>,) kwargs:{}

excTeleBot.delete_message() missing 1 required positional argument: 'message_id'


2025-12-04 22:56:29.810909 
func:run_telegram_bot->None
args:() kwargs:{}

excexpected 'except' or 'finally' block (handlers.py, line 120)


2025-12-04 22:56:59.191453 
func:run_telegram_bot->None
args:() kwargs:{}

excexpected 'except' or 'finally' block (handlers.py, line 120)


2025-12-04 22:57:26.499609 
func:run_telegram_bot->None
args:() kwargs:{}

excexpected 'except' or 'finally' block (handlers.py, line 120)


2025-12-04 23:02:13.024502 
func:add_tag->None
args:(<telebot.types.Message object at 0x00000247EC0DEC10>,) kwargs:{}

excA request to the Telegram API was unsuccessful. Error code: 400. Description: Bad Request: message to be replied not found


2025-12-04 23:03:43.697139 
func:message_handler->None
args:(<telebot.types.Message object at 0x00000247EC17F4D0>,) kwargs:{}

excQueuePool limit of size 5 overflow 10 reached, connection timed out, timeout 30.00 (Background on this error at: https://sqlalche.me/e/20/3o7r)


2025-12-04 23:03:43.703399Telegram bot error: QueuePool limit of size 5 overflow 10 reached, connection timed out, timeout 30.00 (Background on this error at: https://sqlalche.me/e/20/3o7r)2025-12-04 23:04:07.504738 
func:message_handler->None
args:(<telebot.types.Message object at 0x00000247EC17E0D0>,) kwargs:{}

excQueuePool limit of size 5 overflow 10 reached, connection timed out, timeout 30.00 (Background on this error at: https://sqlalche.me/e/20/3o7r)


2025-12-04 23:04:07.506720Telegram bot error: QueuePool limit of size 5 overflow 10 reached, connection timed out, timeout 30.00 (Background on this error at: https://sqlalche.me/e/20/3o7r)2025-12-04 23:04:13.703835 
func:message_handler->None
args:(<telebot.types.Message object at 0x00000247EC17F750>,) kwargs:{}

excQueuePool limit of size 5 overflow 10 reached, connection timed out, timeout 30.00 (Background on this error at: https://sqlalche.me/e/20/3o7r)


2025-12-04 23:04:13.707095Telegram bot error: QueuePool limit of size 5 overflow 10 reached, connection timed out, timeout 30.00 (Background on this error at: https://sqlalche.me/e/20/3o7r)2025-12-04 23:05:29.959469 
func:message_handler->None
args:(<telebot.types.Message object at 0x00000247EC17E210>,) kwargs:{}

excQueuePool limit of size 5 overflow 10 reached, connection timed out, timeout 30.00 (Background on this error at: https://sqlalche.me/e/20/3o7r)


2025-12-04 23:05:29.962875Telegram bot error: QueuePool limit of size 5 overflow 10 reached, connection timed out, timeout 30.00 (Background on this error at: https://sqlalche.me/e/20/3o7r)2025-12-04 23:05:34.491600 
func:message_handler->None
args:(<telebot.types.Message object at 0x00000247EC0DDF90>,) kwargs:{}

excQueuePool limit of size 5 overflow 10 reached, connection timed out, timeout 30.00 (Background on this error at: https://sqlalche.me/e/20/3o7r)


2025-12-04 23:05:34.493588Telegram bot error: QueuePool limit of size 5 overflow 10 reached, connection timed out, timeout 30.00 (Background on this error at: https://sqlalche.me/e/20/3o7r)2025-12-04 23:05:59.964260 
func:message_handler->None
args:(<telebot.types.Message object at 0x00000247EC17E990>,) kwargs:{}

excQueuePool limit of size 5 overflow 10 reached, connection timed out, timeout 30.00 (Background on this error at: https://sqlalche.me/e/20/3o7r)


2025-12-04 23:05:59.967304Telegram bot error: QueuePool limit of size 5 overflow 10 reached, connection timed out, timeout 30.00 (Background on this error at: https://sqlalche.me/e/20/3o7r)2025-12-04 23:06:04.493918 
func:message_handler->None
args:(<telebot.types.Message object at 0x00000247EC0DF110>,) kwargs:{}

excQueuePool limit of size 5 overflow 10 reached, connection timed out, timeout 30.00 (Background on this error at: https://sqlalche.me/e/20/3o7r)


2025-12-04 23:06:04.496721Telegram bot error: QueuePool limit of size 5 overflow 10 reached, connection timed out, timeout 30.00 (Background on this error at: https://sqlalche.me/e/20/3o7r)2025-12-04 23:06:05.195951 
func:add_tag->None
args:(<telebot.types.Message object at 0x00000247ED1F4E10>,) kwargs:{}

excA request to the Telegram API was unsuccessful. Error code: 400. Description: Bad Request: message to be replied not found


2025-12-04 23:06:05.444982 
func:add_tag->None
args:(<telebot.types.Message object at 0x00000247ED1F5E50>,) kwargs:{}

excA request to the Telegram API was unsuccessful. Error code: 400. Description: Bad Request: message to be replied not found


2025-12-04 23:06:38.392103 
func:add_tag->None
args:(<telebot.types.Message object at 0x00000247EC17FD90>,) kwargs:{}

excQueuePool limit of size 5 overflow 10 reached, connection timed out, timeout 30.00 (Background on this error at: https://sqlalche.me/e/20/3o7r)


2025-12-04 23:06:53.707837 
func:message_handler->None
args:(<telebot.types.Message object at 0x00000247ED1F6AD0>,) kwargs:{}

excQueuePool limit of size 5 overflow 10 reached, connection timed out, timeout 30.00 (Background on this error at: https://sqlalche.me/e/20/3o7r)


2025-12-04 23:06:53.710401Telegram bot error: QueuePool limit of size 5 overflow 10 reached, connection timed out, timeout 30.00 (Background on this error at: https://sqlalche.me/e/20/3o7r)2025-12-04 23:07:08.948151 
func:message_handler->None
args:(<telebot.types.Message object at 0x00000247ED1F5810>,) kwargs:{}

excQueuePool limit of size 5 overflow 10 reached, connection timed out, timeout 30.00 (Background on this error at: https://sqlalche.me/e/20/3o7r)


2025-12-04 23:07:08.950367Telegram bot error: QueuePool limit of size 5 overflow 10 reached, connection timed out, timeout 30.00 (Background on this error at: https://sqlalche.me/e/20/3o7r)2025-12-04 23:07:23.717800 
func:message_handler->None
args:(<telebot.types.Message object at 0x00000247ED1F7610>,) kwargs:{}

excQueuePool limit of size 5 overflow 10 reached, connection timed out, timeout 30.00 (Background on this error at: https://sqlalche.me/e/20/3o7r)


2025-12-04 23:07:23.719858Telegram bot error: QueuePool limit of size 5 overflow 10 reached, connection timed out, timeout 30.00 (Background on this error at: https://sqlalche.me/e/20/3o7r)2025-12-04 23:07:38.965317 
func:message_handler->None
args:(<telebot.types.Message object at 0x00000247ED1F60D0>,) kwargs:{}

excQueuePool limit of size 5 overflow 10 reached, connection timed out, timeout 30.00 (Background on this error at: https://sqlalche.me/e/20/3o7r)


2025-12-04 23:07:38.967487Telegram bot error: QueuePool limit of size 5 overflow 10 reached, connection timed out, timeout 30.00 (Background on this error at: https://sqlalche.me/e/20/3o7r)2025-12-04 23:07:58.551838 
func:message_handler->None
args:(<telebot.types.Message object at 0x00000247ED4942D0>,) kwargs:{}

excQueuePool limit of size 5 overflow 10 reached, connection timed out, timeout 30.00 (Background on this error at: https://sqlalche.me/e/20/3o7r)


2025-12-04 23:07:58.976371Telegram bot error: QueuePool limit of size 5 overflow 10 reached, connection timed out, timeout 30.00 (Background on this error at: https://sqlalche.me/e/20/3o7r)2025-12-04 23:08:50.938273 
func:message_handler->None
args:(<telebot.types.Message object at 0x00000247ED1F5810>,) kwargs:{}

excQueuePool limit of size 5 overflow 10 reached, connection timed out, timeout 30.00 (Background on this error at: https://sqlalche.me/e/20/3o7r)


2025-12-04 23:08:50.940180Telegram bot error: QueuePool limit of size 5 overflow 10 reached, connection timed out, timeout 30.00 (Background on this error at: https://sqlalche.me/e/20/3o7r)2025-12-04 23:08:54.902191 
func:message_handler->None
args:(<telebot.types.Message object at 0x00000247ED1F6990>,) kwargs:{}

excQueuePool limit of size 5 overflow 10 reached, connection timed out, timeout 30.00 (Background on this error at: https://sqlalche.me/e/20/3o7r)


2025-12-04 23:08:54.904755Telegram bot error: QueuePool limit of size 5 overflow 10 reached, connection timed out, timeout 30.00 (Background on this error at: https://sqlalche.me/e/20/3o7r)2025-12-04 23:09:20.952693 
func:message_handler->None
args:(<telebot.types.Message object at 0x00000247EC0DDF90>,) kwargs:{}

excQueuePool limit of size 5 overflow 10 reached, connection timed out, timeout 30.00 (Background on this error at: https://sqlalche.me/e/20/3o7r)


2025-12-04 23:09:20.954684Telegram bot error: QueuePool limit of size 5 overflow 10 reached, connection timed out, timeout 30.00 (Background on this error at: https://sqlalche.me/e/20/3o7r)2025-12-04 23:09:24.912423 
func:message_handler->None
args:(<telebot.types.Message object at 0x00000247ED1F7B10>,) kwargs:{}

excQueuePool limit of size 5 overflow 10 reached, connection timed out, timeout 30.00 (Background on this error at: https://sqlalche.me/e/20/3o7r)


2025-12-04 23:09:24.914549Telegram bot error: QueuePool limit of size 5 overflow 10 reached, connection timed out, timeout 30.00 (Background on this error at: https://sqlalche.me/e/20/3o7r)2025-12-05 00:07:09.256309 
func:message_handler->None
args:(<telebot.types.Message object at 0x0000018C5283B610>,) kwargs:{}

excQueuePool limit of size 5 overflow 10 reached, connection timed out, timeout 30.00 (Background on this error at: https://sqlalche.me/e/20/3o7r)


2025-12-05 00:07:09.261796Telegram bot error: QueuePool limit of size 5 overflow 10 reached, connection timed out, timeout 30.00 (Background on this error at: https://sqlalche.me/e/20/3o7r)2025-12-05 00:07:17.743372 
func:message_handler->None
args:(<telebot.types.Message object at 0x0000018C5283B110>,) kwargs:{}

excQueuePool limit of size 5 overflow 10 reached, connection timed out, timeout 30.00 (Background on this error at: https://sqlalche.me/e/20/3o7r)


2025-12-05 00:07:17.745102Telegram bot error: QueuePool limit of size 5 overflow 10 reached, connection timed out, timeout 30.00 (Background on this error at: https://sqlalche.me/e/20/3o7r)2025-12-05 00:10:49.720679 
func:message_handler->None
args:(<telebot.types.Message object at 0x0000018C52B10550>,) kwargs:{}

excQueuePool limit of size 5 overflow 10 reached, connection timed out, timeout 30.00 (Background on this error at: https://sqlalche.me/e/20/3o7r)


2025-12-05 00:10:49.722854Telegram bot error: QueuePool limit of size 5 overflow 10 reached, connection timed out, timeout 30.00 (Background on this error at: https://sqlalche.me/e/20/3o7r)2025-12-05 00:14:30.300050 
func:add_tag->None
args:(<telebot.types.Message object at 0x0000020B4A7E2CF0>,) kwargs:{}

excInstance <TelegramUser at 0x20b4a86fed0> is not bound to a Session; attribute refresh operation cannot proceed (Background on this error at: https://sqlalche.me/e/20/bhk3)


2025-12-05 00:21:24.747211 
func:add_tag->None
args:(<telebot.types.Message object at 0x00000289EB6CF4D0>,) kwargs:{}

exc'dict' object has no attribute 'id'


2025-12-05 00:22:39.515466 
func:add_tag->None
args:(<telebot.types.Message object at 0x00000113319042D0>,) kwargs:{}

excThis Session's transaction has been rolled back due to a previous exception during flush. To begin a new transaction with this Session, first issue Session.rollback(). Original exception was: (raised as a result of Query-invoked autoflush; consider using a session.no_autoflush block if this flush is occurring prematurely)
(pymysql.err.DataError) (1406, "Data too long for column 'tag' at row 1")
[SQL: INSERT INTO telegram_tags (tag) VALUES (%(tag)s)]
[parameters: {'tag': 'заебало/+tag заебало/+tag заебало'}]
(Background on this error at: https://sqlalche.me/e/20/9h9h) (Background on this error at: https://sqlalche.me/e/20/7s2a)


2025-12-05 00:23:32.841071 
func:trigger_tags->None
args:(<telebot.types.Message object at 0x00000201921C7610>,) kwargs:{}

exc'dict' object has no attribute 'at_user_tag'


2025-12-05 00:25:56.731588 
func:trigger_tags->None
args:(<telebot.types.Message object at 0x000002624EACF390>,) kwargs:{}

excColumn expression, FROM clause, or other columns clause element expected, got <class 'pydantic.types.Tag'>.


2025-12-05 00:27:59.577805 
func:trigger_tags->None
args:(<telebot.types.Message object at 0x0000022197397620>,) kwargs:{}

excColumn expression, FROM clause, or other columns clause element expected, got <class 'pydantic.types.Tag'>.


2025-12-05 00:29:41.659668 
func:trigger_tags->None
args:(<telebot.types.Message object at 0x000001D85A96F890>,) kwargs:{}

excColumn expression, FROM clause, or other columns clause element expected, got <class 'pydantic.types.Tag'>.


2025-12-05 00:30:06.547445 
func:trigger_tags->None
args:(<telebot.types.Message object at 0x000002644F417ED0>,) kwargs:{}

excColumn expression, FROM clause, or other columns clause element expected, got <class 'pydantic.types.Tag'>.


2025-12-05 15:25:17.461262 
func:tags->None
args:(<telebot.types.Message object at 0x0000017DC02620D0>,) kwargs:{}

excTeleBot.get_chat_member() missing 1 required positional argument: 'chat_id'


2025-12-05 15:41:20.495311 
func:add_tag->None
args:(<telebot.types.Message object at 0x00000253B8D68CD0>,) kwargs:{}

excThis Session's transaction has been rolled back due to a previous exception during flush. To begin a new transaction with this Session, first issue Session.rollback(). Original exception was: (raised as a result of Query-invoked autoflush; consider using a session.no_autoflush block if this flush is occurring prematurely)
(pymysql.err.DataError) (1406, "Data too long for column 'tag' at row 1")
[SQL: INSERT INTO telegram_tags (tag) VALUES (%(tag)s)]
[parameters: {'tag': 'fdfffffffffffffffffffffffdfffffffffffffffffffffffdfffffffffffffffffffffffdfffffffffffffffffffffffdfffffffffffffffffffffffdfffffffffffffffffffffffdfff ... (566 characters truncated) ... ffffffdfffffffffffffffffffffffdfffffffffffffffffffffffdfffffffffffffffffffffffdfffffffffffffffffffffffdfffffffffffffffffffffffdffffffffffffffffffffff'}]
(Background on this error at: https://sqlalche.me/e/20/9h9h) (Background on this error at: https://sqlalche.me/e/20/7s2a)


2025-12-05 16:06:22.568263Telegram bot error: HTTPSConnectionPool(host='api.telegram.org', port=443): Max retries exceeded with url: /bot6267155089:AAHROhVcyZnd1XuL4LpJ-KmrEjHoR2xpjHI/getUpdates?offset=552960110&timeout=20 (Caused by ProxyError('Unable to connect to proxy', RemoteDisconnected('Remote end closed connection without response')))